#
#--------LOG from Thu 01 Jan 1970 at 01h:00m:00s ---------
#
CoolingBox Client: jumo
#
#--------LOG from Thu 01 Jan 1970 at 01h:00m:00s ---------
#
CoolingBox Client: jumo
#
#--------LOG from Thu 01 Jan 1970 at 01h:00m:00s ---------
#
CoolingBox Client: jumo
#
#--------LOG from Thu 01 Jan 1970 at 01h:00m:00s ---------
#
CoolingBox Client: jumo
#
#--------LOG from Thu 01 Jan 1970 at 01h:00m:00s ---------
#
CoolingBox Client: jumo
#
#--------LOG from Thu 01 Jan 1970 at 01h:00m:00s ---------
#
CoolingBox Client: jumo
#
#--------LOG from Thu 01 Jan 1970 at 01h:00m:00s ---------
#
CoolingBox Client: jumo
#
#--------LOG from Thu 01 Jan 1970 at 01h:00m:00s ---------
#
CoolingBox Client: jumo
#
#--------LOG from Thu 01 Jan 1970 at 01h:00m:00s ---------
#
CoolingBox Client: jumo
#
#--------LOG from Thu 01 Jan 1970 at 01h:00m:00s ---------
#
CoolingBox Client: jumo
#
#--------LOG from Thu 01 Jan 1970 at 01h:00m:00s ---------
#
CoolingBox Client: jumo
#
#--------LOG from Thu 01 Jan 1970 at 01h:00m:00s ---------
#
CoolingBox Client: jumo
#
#--------LOG from Thu 01 Jan 1970 at 01h:00m:00s ---------
#
CoolingBox Client: jumo
running Client
Clean up
#
#--------LOG from Thu 01 Jan 1970 at 01h:00m:00s ---------
#
CoolingBox Client: jumo
running Client
Clean up
Subsystem connection closed.
#
#--------LOG from Thu 01 Jan 1970 at 01h:00m:00s ---------
#
CoolingBox Client: jumo
running Client
Clean up
Subsystem connection closed.
#
#--------LOG from Thu 01 Jan 1970 at 01h:00m:00s ---------
#
CoolingBox Client: jumo
Openening  jumo @ /dev/ttyUSB0 ...
running Client
Clean up
Subsystem connection closed.
#
#--------LOG from Thu 01 Jan 1970 at 01h:00m:00s ---------
#
CoolingBox Client: jumo
Openening  jumo @ /dev/ttyUSB0 ...
running Client
Clean up
Subsystem connection closed.
#
#--------LOG from Thu 01 Jan 1970 at 01h:00m:00s ---------
#
CoolingBox Client: jumo
Openening  jumo @ /dev/ttyUSB0 ...
running Client
Clean up
Subsystem connection closed.
